<?xml version="1.0" encoding="UTF-8"?>
<!-- Generated by org.testng.reporters.JUnitXMLReporter -->
<testsuite ignored="3" hostname="LPTIN-BPBJ8S3" failures="0" tests="5" name="Test" time="1168.261" errors="0" timestamp="2024-02-16T15:33:31 IST">
  <testcase classname="com.StudentPortal.StudentTests.StudentTests3" name="TC928_Subsidiary_Ledger_Post_Payment" time="252.238"/>
  <testcase classname="com.StudentPortal.StudentTests.StudentTests4" name="TC848_Post_FADisbursement" time="263.812"/>
  <testcase classname="com.StudentPortal.StudentTests.StudentTests3" name="TC930_Subsidiary_Ledger_Adjust_Transaction_Delete" time="302.881"/>
  <testcase classname="com.StudentPortal.StudentTests.StudentTests3" name="TC931_Subsidiary_Ledger_Adjust_Transaction_Void" time="302.225"/>
  <testcase classname="com.StudentPortal.StudentTests.StudentTests3" name="TC900_Perform_Program_Transfer_to_Student" time="274.325"/>
  <testcase classname="com.framework.core.AutomationTestPlan" name="@AfterSuite afterTestSuite" time="0.0">
    <ignored/>
  </testcase> <!-- @AfterSuite afterTestSuite -->
  <testcase classname="com.framework.core.AutomationTestPlan" name="@BeforeSuite beforeTestSuite" time="0.0">
    <ignored/>
  </testcase> <!-- @BeforeSuite beforeTestSuite -->
  <testcase classname="com.framework.core.AutomationTestPlan" name="@BeforeTest beforeTest" time="0.0">
    <ignored/>
  </testcase> <!-- @BeforeTest beforeTest -->
</testsuite> <!-- Test -->
